** Writing PID file to log/mongrel.pid
** Daemonized, any open files are closed.  Look at log/mongrel.pid and log/mongrel.log for info.
** Starting Mongrel listening at 0.0.0.0:3000
** Starting Rails with development environment...
/home/ulitka/.rvm/gems/ruby-1.9.2-p290@prims/gems/execjs-1.3.0/lib/execjs/runtimes.rb:50:in `autodetect': Could not find a JavaScript runtime. See https://github.com/sstephenson/execjs for a list of available runtimes. (ExecJS::RuntimeUnavailable)
	from /home/ulitka/.rvm/gems/ruby-1.9.2-p290@prims/gems/execjs-1.3.0/lib/execjs.rb:5:in `<module:ExecJS>'
	from /home/ulitka/.rvm/gems/ruby-1.9.2-p290@prims/gems/execjs-1.3.0/lib/execjs.rb:4:in `<top (required)>'
	from /home/ulitka/.rvm/gems/ruby-1.9.2-p290@prims/gems/coffee-script-2.2.0/lib/coffee_script.rb:1:in `require'
	from /home/ulitka/.rvm/gems/ruby-1.9.2-p290@prims/gems/coffee-script-2.2.0/lib/coffee_script.rb:1:in `<top (required)>'
	from /home/ulitka/.rvm/gems/ruby-1.9.2-p290@prims/gems/coffee-script-2.2.0/lib/coffee-script.rb:1:in `require'
	from /home/ulitka/.rvm/gems/ruby-1.9.2-p290@prims/gems/coffee-script-2.2.0/lib/coffee-script.rb:1:in `<top (required)>'
	from /home/ulitka/.rvm/gems/ruby-1.9.2-p290@prims/gems/coffee-rails-3.2.2/lib/coffee-rails.rb:1:in `require'
	from /home/ulitka/.rvm/gems/ruby-1.9.2-p290@prims/gems/coffee-rails-3.2.2/lib/coffee-rails.rb:1:in `<top (required)>'
	from /home/ulitka/.rvm/gems/ruby-1.9.2-p290@prims/gems/bundler-1.1.3/lib/bundler/runtime.rb:68:in `require'
	from /home/ulitka/.rvm/gems/ruby-1.9.2-p290@prims/gems/bundler-1.1.3/lib/bundler/runtime.rb:68:in `block (2 levels) in require'
	from /home/ulitka/.rvm/gems/ruby-1.9.2-p290@prims/gems/bundler-1.1.3/lib/bundler/runtime.rb:66:in `each'
	from /home/ulitka/.rvm/gems/ruby-1.9.2-p290@prims/gems/bundler-1.1.3/lib/bundler/runtime.rb:66:in `block in require'
	from /home/ulitka/.rvm/gems/ruby-1.9.2-p290@prims/gems/bundler-1.1.3/lib/bundler/runtime.rb:55:in `each'
	from /home/ulitka/.rvm/gems/ruby-1.9.2-p290@prims/gems/bundler-1.1.3/lib/bundler/runtime.rb:55:in `require'
	from /home/ulitka/.rvm/gems/ruby-1.9.2-p290@prims/gems/bundler-1.1.3/lib/bundler.rb:119:in `require'
	from /home/ulitka/RubymineProjects/primitives/config/application.rb:7:in `<top (required)>'
	from /home/ulitka/.rvm/rubies/ruby-1.9.2-p290/lib/ruby/site_ruby/1.9.1/rubygems/custom_require.rb:36:in `require'
	from /home/ulitka/.rvm/rubies/ruby-1.9.2-p290/lib/ruby/site_ruby/1.9.1/rubygems/custom_require.rb:36:in `require'
	from /home/ulitka/RubymineProjects/primitives/config/environment.rb:2:in `<top (required)>'
	from /home/ulitka/.rvm/rubies/ruby-1.9.2-p290/lib/ruby/site_ruby/1.9.1/rubygems/custom_require.rb:36:in `require'
	from /home/ulitka/.rvm/rubies/ruby-1.9.2-p290/lib/ruby/site_ruby/1.9.1/rubygems/custom_require.rb:36:in `require'
	from /home/ulitka/.rvm/gems/ruby-1.9.2-p290@prims/gems/mongrel-1.2.0.pre2/lib/mongrel/rails.rb:147:in `rails'
	from /home/ulitka/.rvm/gems/ruby-1.9.2-p290@prims/gems/mongrel-1.2.0.pre2/bin/mongrel_rails:116:in `block (2 levels) in run'
	from /home/ulitka/.rvm/gems/ruby-1.9.2-p290@prims/gems/mongrel-1.2.0.pre2/lib/mongrel/configurator.rb:149:in `call'
	from /home/ulitka/.rvm/gems/ruby-1.9.2-p290@prims/gems/mongrel-1.2.0.pre2/lib/mongrel/configurator.rb:149:in `listener'
	from /home/ulitka/.rvm/gems/ruby-1.9.2-p290@prims/gems/mongrel-1.2.0.pre2/bin/mongrel_rails:102:in `block in run'
	from /home/ulitka/.rvm/gems/ruby-1.9.2-p290@prims/gems/mongrel-1.2.0.pre2/lib/mongrel/configurator.rb:50:in `call'
	from /home/ulitka/.rvm/gems/ruby-1.9.2-p290@prims/gems/mongrel-1.2.0.pre2/lib/mongrel/configurator.rb:50:in `initialize'
	from /home/ulitka/.rvm/gems/ruby-1.9.2-p290@prims/gems/mongrel-1.2.0.pre2/bin/mongrel_rails:86:in `new'
	from /home/ulitka/.rvm/gems/ruby-1.9.2-p290@prims/gems/mongrel-1.2.0.pre2/bin/mongrel_rails:86:in `run'
	from /home/ulitka/.rvm/gems/ruby-1.9.2-p290@prims/gems/mongrel-1.2.0.pre2/lib/mongrel/command.rb:210:in `run'
	from /home/ulitka/.rvm/gems/ruby-1.9.2-p290@prims/gems/mongrel-1.2.0.pre2/bin/mongrel_rails:282:in `<top (required)>'
	from /home/ulitka/.rvm/gems/ruby-1.9.2-p290@prims/bin/mongrel_rails:19:in `load'
	from /home/ulitka/.rvm/gems/ruby-1.9.2-p290@prims/bin/mongrel_rails:19:in `<main>'
